<?xml version="1.0" encoding="UTF-8"?>
<!-- Generated by org.testng.reporters.JUnitReportReporter -->
<testsuite hostname="Shivans-Air" failures="0" tests="1" name="test.AddCustomerTest" time="13.362" errors="0" timestamp="2023-05-08T20:47:22 MDT" skipped="0">
  <testcase classname="test.AddCustomerTest" name="userShouldBeAbleToAddCustomer" time="13.362"/>
  <system-out/>
</testsuite> <!-- test.AddCustomerTest -->
