<?xml version="1.0" encoding="UTF-8"?>
<!-- Generated by org.testng.reporters.JUnitReportReporter -->
<testsuite hostname="Shivans-Air" failures="0" tests="1" name="test.LoginTest" time="16.204" errors="0" timestamp="2023-05-08T17:58:51 MDT" skipped="0">
  <testcase classname="test.LoginTest" name="userShouldBeAbleToLogIn" time="16.204"/>
  <system-out/>
</testsuite> <!-- test.LoginTest -->
